#
# There is insufficient memory for the Java Runtime Environment to continue.
# Native memory allocation (malloc) failed to allocate 548608 bytes for Chunk::new
# Possible reasons:
#   The system is out of physical RAM or swap space
#   The process is running with CompressedOops enabled, and the Java Heap may be blocking the growth of the native heap
# Possible solutions:
#   Reduce memory load on the system
#   Increase physical memory or swap space
#   Check if swap backing store is full
#   Decrease Java heap size (-Xmx/-Xms)
#   Decrease number of Java threads
#   Decrease Java thread stack sizes (-Xss)
#   Set larger code cache with -XX:ReservedCodeCacheSize=
#   JVM is running with Unscaled Compressed Oops mode in which the Java heap is
#     placed in the first 4GB address space. The Java Heap base address is the
#     maximum limit for the native heap growth. Please use -XX:HeapBaseMinAddress
#     to set the Java Heap base and to place the Java Heap above 4GB virtual address.
# This output file may be truncated or incomplete.
#
#  Out of Memory Error (arena.cpp:184), pid=13508, tid=21768
#
# JRE version: Java(TM) SE Runtime Environment (19.0+36) (build 19+36-2238)
# Java VM: Java HotSpot(TM) 64-Bit Server VM (19+36-2238, mixed mode, sharing, tiered, compressed oops, compressed class ptrs, g1 gc, windows-amd64)
# No core dump will be written. Minidumps are not enabled by default on client versions of Windows
#

---------------  S U M M A R Y ------------

Command Line: -javaagent:C:\Program Files\JetBrains\IntelliJ IDEA Community Edition 2022.2.3\lib\idea_rt.jar=52458:C:\Program Files\JetBrains\IntelliJ IDEA Community Edition 2022.2.3\bin -Dfile.encoding=UTF-8 -Dsun.stdout.encoding=UTF-8 -Dsun.stderr.encoding=UTF-8 com.testapp.demo.DemoApplication

Host: Intel(R) Core(TM) i5-10210U CPU @ 1.60GHz, 8 cores, 3G,  Windows 10 , 64 bit Build 19041 (10.0.19041.2364)
Time: Wed Feb  1 20:34:04 2023 Sri Lanka Standard Time elapsed time: 9191.722759 seconds (0d 2h 33m 11s)

---------------  T H R E A D  ---------------

Current thread (0x000001f0a8a9bb50):  JavaThread "C2 CompilerThread0" daemon [_thread_in_native, id=21768, stack(0x0000003cbfe00000,0x0000003cbff00000)]


Current CompileTask:
C2:9191723 7019       4       java.util.TreeMap::put (221 bytes)

Stack: [0x0000003cbfe00000,0x0000003cbff00000]
Native frames: (J=compiled Java code, j=interpreted, Vv=VM code, C=native code)
V  [jvm.dll+0x6ee8fa]
V  [jvm.dll+0x857a1e]
V  [jvm.dll+0x85940e]
V  [jvm.dll+0x859ac3]
V  [jvm.dll+0x28291f]
V  [jvm.dll+0xc9b5f]
V  [jvm.dll+0xc9ee5]
V  [jvm.dll+0x3bcbac]
V  [jvm.dll+0x386201]
V  [jvm.dll+0x38567a]
V  [jvm.dll+0x24c2c9]
V  [jvm.dll+0x24b671]
V  [jvm.dll+0x1d6d61]
V  [jvm.dll+0x25b0fa]
V  [jvm.dll+0x259588]
V  [jvm.dll+0x807928]
V  [jvm.dll+0x8015fa]
V  [jvm.dll+0x6ed5eb]
C  [ucrtbase.dll+0x21bb2]
C  [KERNEL32.DLL+0x17614]
C  [ntdll.dll+0x526a1]


---------------  P R O C E S S  ---------------

Threads class SMR info:
_java_thread_list=0x000001f0af5126b0, length=30, elements={
0x000001f0a8a83ba0, 0x000001f0a8a846d0, 0x000001f0a8a8da70, 0x000001f0a8a8e3a0,
0x000001f0a8a92ce0, 0x000001f0a8a98da0, 0x000001f0a8a9bb50, 0x000001f0a8a9d4d0,
0x000001f0a8aa6610, 0x000001f0a8a5a9b0, 0x000001f0ad05d3d0, 0x000001f0ace35250,
0x000001f0af07ded0, 0x000001f0ae1ef000, 0x000001f0ae1efd50, 0x000001f0aecd6df0,
0x000001f0ae2aadc0, 0x000001f0af9b2dc0, 0x000001f0af9b4da0, 0x000001f0af9b62e0,
0x000001f0af9b5d90, 0x000001f0af9b72d0, 0x000001f0af9b3db0, 0x000001f0af9b5840,
0x000001f0af9b7820, 0x000001f0af9b4850, 0x000001f0af9b9800, 0x000001f0af9b7d70,
0x000001f0af9b6830, 0x000001f0af9b52f0
}

Java Threads: ( => current thread )
  0x000001f0a8a83ba0 JavaThread "Reference Handler" daemon [_thread_blocked, id=13040, stack(0x0000003cbf800000,0x0000003cbf900000)]
  0x000001f0a8a846d0 JavaThread "Finalizer" daemon [_thread_blocked, id=10116, stack(0x0000003cbf900000,0x0000003cbfa00000)]
  0x000001f0a8a8da70 JavaThread "Signal Dispatcher" daemon [_thread_blocked, id=3628, stack(0x0000003cbfa00000,0x0000003cbfb00000)]
  0x000001f0a8a8e3a0 JavaThread "Attach Listener" daemon [_thread_blocked, id=26628, stack(0x0000003cbfb00000,0x0000003cbfc00000)]
  0x000001f0a8a92ce0 JavaThread "Service Thread" daemon [_thread_blocked, id=24896, stack(0x0000003cbfc00000,0x0000003cbfd00000)]
  0x000001f0a8a98da0 JavaThread "Monitor Deflation Thread" daemon [_thread_blocked, id=12968, stack(0x0000003cbfd00000,0x0000003cbfe00000)]
=>0x000001f0a8a9bb50 JavaThread "C2 CompilerThread0" daemon [_thread_in_native, id=21768, stack(0x0000003cbfe00000,0x0000003cbff00000)]
  0x000001f0a8a9d4d0 JavaThread "C1 CompilerThread0" daemon [_thread_blocked, id=9760, stack(0x0000003cbff00000,0x0000003cc0000000)]
  0x000001f0a8aa6610 JavaThread "Sweeper thread" daemon [_thread_blocked, id=5404, stack(0x0000003cc0000000,0x0000003cc0100000)]
  0x000001f0a8a5a9b0 JavaThread "Common-Cleaner" daemon [_thread_blocked, id=9272, stack(0x0000003cc0100000,0x0000003cc0200000)]
  0x000001f0ad05d3d0 JavaThread "Monitor Ctrl-Break" daemon [_thread_in_native, id=21152, stack(0x0000003cc0200000,0x0000003cc0300000)]
  0x000001f0ace35250 JavaThread "Notification Thread" daemon [_thread_blocked, id=16440, stack(0x0000003cc0300000,0x0000003cc0400000)]
  0x000001f0af07ded0 JavaThread "Catalina-utility-1" [_thread_blocked, id=25688, stack(0x0000003cc0e00000,0x0000003cc0f00000)]
  0x000001f0ae1ef000 JavaThread "Catalina-utility-2" [_thread_blocked, id=26564, stack(0x0000003cc0f00000,0x0000003cc1000000)]
  0x000001f0ae1efd50 JavaThread "container-0" [_thread_blocked, id=27668, stack(0x0000003cc1000000,0x0000003cc1100000)]
  0x000001f0aecd6df0 JavaThread "mysql-cj-abandoned-connection-cleanup" daemon [_thread_blocked, id=24248, stack(0x0000003cc1100000,0x0000003cc1200000)]
  0x000001f0ae2aadc0 JavaThread "HikariPool-1 housekeeper" daemon [_thread_blocked, id=22228, stack(0x0000003cc1300000,0x0000003cc1400000)]
  0x000001f0af9b2dc0 JavaThread "http-nio-8080-exec-1" daemon [_thread_blocked, id=23504, stack(0x0000003cc1500000,0x0000003cc1600000)]
  0x000001f0af9b4da0 JavaThread "http-nio-8080-exec-2" daemon [_thread_blocked, id=14048, stack(0x0000003cc1600000,0x0000003cc1700000)]
  0x000001f0af9b62e0 JavaThread "http-nio-8080-exec-3" daemon [_thread_blocked, id=19364, stack(0x0000003cc1700000,0x0000003cc1800000)]
  0x000001f0af9b5d90 JavaThread "http-nio-8080-exec-4" daemon [_thread_blocked, id=1680, stack(0x0000003cc1800000,0x0000003cc1900000)]
  0x000001f0af9b72d0 JavaThread "http-nio-8080-exec-5" daemon [_thread_blocked, id=9224, stack(0x0000003cc1900000,0x0000003cc1a00000)]
  0x000001f0af9b3db0 JavaThread "http-nio-8080-exec-6" daemon [_thread_blocked, id=14728, stack(0x0000003cc1a00000,0x0000003cc1b00000)]
  0x000001f0af9b5840 JavaThread "http-nio-8080-exec-7" daemon [_thread_blocked, id=24712, stack(0x0000003cc1b00000,0x0000003cc1c00000)]
  0x000001f0af9b7820 JavaThread "http-nio-8080-exec-8" daemon [_thread_blocked, id=21380, stack(0x0000003cc1c00000,0x0000003cc1d00000)]
  0x000001f0af9b4850 JavaThread "http-nio-8080-exec-9" daemon [_thread_blocked, id=21456, stack(0x0000003cc1d00000,0x0000003cc1e00000)]
  0x000001f0af9b9800 JavaThread "http-nio-8080-exec-10" daemon [_thread_blocked, id=24844, stack(0x0000003cc1e00000,0x0000003cc1f00000)]
  0x000001f0af9b7d70 JavaThread "http-nio-8080-Poller" daemon [_thread_in_native, id=14384, stack(0x0000003cc1f00000,0x0000003cc2000000)]
  0x000001f0af9b6830 JavaThread "http-nio-8080-Acceptor" daemon [_thread_in_native, id=13360, stack(0x0000003cc2000000,0x0000003cc2100000)]
  0x000001f0af9b52f0 JavaThread "DestroyJavaVM" [_thread_blocked, id=14408, stack(0x0000003cbf100000,0x0000003cbf200000)]

Other Threads:
  0x000001f0a8a6a9d0 VMThread "VM Thread" [stack: 0x0000003cbf700000,0x0000003cbf800000] [id=18324]
  0x000001f0acef1070 WatcherThread "VM Periodic Task Thread" [stack: 0x0000003cc0400000,0x0000003cc0500000] [id=3500]
  0x000001f08ca18b40 WorkerThread "GC Thread#0" [stack: 0x0000003cbf200000,0x0000003cbf300000] [id=9208]
  0x000001f0ad7efbc0 WorkerThread "GC Thread#1" [stack: 0x0000003cc0600000,0x0000003cc0700000] [id=10696]
  0x000001f0ada59d70 WorkerThread "GC Thread#2" [stack: 0x0000003cc0700000,0x0000003cc0800000] [id=3932]
  0x000001f0ada70a30 WorkerThread "GC Thread#3" [stack: 0x0000003cc0800000,0x0000003cc0900000] [id=21372]
  0x000001f0ada72240 WorkerThread "GC Thread#4" [stack: 0x0000003cc0900000,0x0000003cc0a00000] [id=27040]
  0x000001f0ada72d80 WorkerThread "GC Thread#5" [stack: 0x0000003cc0a00000,0x0000003cc0b00000] [id=27584]
  0x000001f0ada71ca0 WorkerThread "GC Thread#6" [stack: 0x0000003cc0c00000,0x0000003cc0d00000] [id=18096]
  0x000001f0ada71160 WorkerThread "GC Thread#7" [stack: 0x0000003cc0d00000,0x0000003cc0e00000] [id=30884]
  0x000001f08ca21640 ConcurrentGCThread "G1 Main Marker" [stack: 0x0000003cbf300000,0x0000003cbf400000] [id=692]
  0x000001f08ca22810 WorkerThread "G1 Conc#0" [stack: 0x0000003cbf400000,0x0000003cbf500000] [id=18236]
  0x000001f0ada719d0 WorkerThread "G1 Conc#1" [stack: 0x0000003cc0b00000,0x0000003cc0c00000] [id=9084]
  0x000001f08ca873c0 ConcurrentGCThread "G1 Refine#0" [stack: 0x0000003cbf500000,0x0000003cbf600000] [id=10440]
  0x000001f08ca891b0 ConcurrentGCThread "G1 Service" [stack: 0x0000003cbf600000,0x0000003cbf700000] [id=5312]

Threads with active compile tasks:
C2 CompilerThread0  9191787 7019       4       java.util.TreeMap::put (221 bytes)

VM state: not at safepoint (normal execution)

VM Mutex/Monitor currently owned by a thread: None

Heap address: 0x00000000c3000000, size: 976 MB, Compressed Oops mode: 32-bit

CDS archive(s) mapped at: [0x0000000800000000-0x0000000800c40000-0x0000000800c40000), size 12845056, SharedBaseAddress: 0x0000000800000000, ArchiveRelocationMode: 0.
Compressed class space mapped at: 0x0000000801000000-0x0000000841000000, reserved size: 1073741824
Narrow klass base: 0x0000000800000000, Narrow klass shift: 0, Narrow klass range: 0x100000000

GC Precious Log:
 CardTable entry size: 512
 Card Set container configuration: InlinePtr #cards 5 size 8 Array Of Cards #cards 12 size 40 Howl #buckets 4 coarsen threshold 1843 Howl Bitmap #cards 512 size 80 coarsen threshold 460 Card regions per heap region 1 cards per card region 2048
 CPUs: 8 total, 8 available
 Memory: 3899M
 Large Page Support: Disabled
 NUMA Support: Disabled
 Compressed Oops: Enabled (32-bit)
 Heap Region Size: 1M
 Heap Min Capacity: 8M
 Heap Initial Capacity: 62M
 Heap Max Capacity: 976M
 Pre-touch: Disabled
 Parallel Workers: 8
 Concurrent Workers: 2
 Concurrent Refinement Workers: 8
 Periodic GC: Disabled

Heap:
 garbage-first heap   total 102400K, used 49910K [0x00000000c3000000, 0x0000000100000000)
  region size 1024K, 24 young (24576K), 2 survivors (2048K)
 Metaspace       used 66503K, committed 67200K, reserved 1114112K
  class space    used 8615K, committed 8960K, reserved 1048576K

Heap Regions: E=young(eden), S=young(survivor), O=old, HS=humongous(starts), HC=humongous(continues), CS=collection set, F=free, OA=open archive, CA=closed archive, TAMS=top-at-mark-start (previous, next)
|   0|0x00000000c3000000, 0x00000000c3100000, 0x00000000c3100000|100%|HS|  |TAMS 0x00000000c3100000, 0x00000000c3000000| Complete 
|   1|0x00000000c3100000, 0x00000000c3200000, 0x00000000c3200000|100%| O|  |TAMS 0x00000000c3200000, 0x00000000c3100000| Untracked 
|   2|0x00000000c3200000, 0x00000000c3300000, 0x00000000c3300000|100%| O|  |TAMS 0x00000000c3300000, 0x00000000c3200000| Untracked 
|   3|0x00000000c3300000, 0x00000000c3400000, 0x00000000c3400000|100%| O|  |TAMS 0x00000000c3400000, 0x00000000c3300000| Untracked 
|   4|0x00000000c3400000, 0x00000000c3500000, 0x00000000c3500000|100%| O|  |TAMS 0x00000000c3500000, 0x00000000c3400000| Untracked 
|   5|0x00000000c3500000, 0x00000000c3600000, 0x00000000c3600000|100%| O|  |TAMS 0x00000000c3600000, 0x00000000c3500000| Untracked 
|   6|0x00000000c3600000, 0x00000000c3700000, 0x00000000c3700000|100%| O|  |TAMS 0x00000000c3700000, 0x00000000c3600000| Untracked 
|   7|0x00000000c3700000, 0x00000000c3800000, 0x00000000c3800000|100%| O|  |TAMS 0x00000000c3800000, 0x00000000c3700000| Untracked 
|   8|0x00000000c3800000, 0x00000000c3900000, 0x00000000c3900000|100%| O|  |TAMS 0x00000000c3900000, 0x00000000c3800000| Untracked 
|   9|0x00000000c3900000, 0x00000000c3a00000, 0x00000000c3a00000|100%| O|  |TAMS 0x00000000c3a00000, 0x00000000c3900000| Untracked 
|  10|0x00000000c3a00000, 0x00000000c3b00000, 0x00000000c3b00000|100%| O|  |TAMS 0x00000000c3b00000, 0x00000000c3a00000| Untracked 
|  11|0x00000000c3b00000, 0x00000000c3c00000, 0x00000000c3c00000|100%| O|  |TAMS 0x00000000c3c00000, 0x00000000c3b00000| Untracked 
|  12|0x00000000c3c00000, 0x00000000c3d00000, 0x00000000c3d00000|100%| O|  |TAMS 0x00000000c3d00000, 0x00000000c3c00000| Untracked 
|  13|0x00000000c3d00000, 0x00000000c3e00000, 0x00000000c3e00000|100%| O|  |TAMS 0x00000000c3e00000, 0x00000000c3d00000| Untracked 
|  14|0x00000000c3e00000, 0x00000000c3f00000, 0x00000000c3f00000|100%| O|  |TAMS 0x00000000c3f00000, 0x00000000c3e00000| Untracked 
|  15|0x00000000c3f00000, 0x00000000c4000000, 0x00000000c4000000|100%| O|  |TAMS 0x00000000c4000000, 0x00000000c3f00000| Untracked 
|  16|0x00000000c4000000, 0x00000000c4100000, 0x00000000c4100000|100%| O|  |TAMS 0x00000000c4100000, 0x00000000c4000000| Untracked 
|  17|0x00000000c4100000, 0x00000000c4200000, 0x00000000c4200000|100%| O|  |TAMS 0x00000000c4200000, 0x00000000c4100000| Untracked 
|  18|0x00000000c4200000, 0x00000000c4300000, 0x00000000c4300000|100%| O|  |TAMS 0x00000000c4300000, 0x00000000c4200000| Untracked 
|  19|0x00000000c4300000, 0x00000000c4300000, 0x00000000c4400000|  0%| F|  |TAMS 0x00000000c4300000, 0x00000000c4300000| Untracked 
|  20|0x00000000c4400000, 0x00000000c4500000, 0x00000000c4500000|100%| O|  |TAMS 0x00000000c4500000, 0x00000000c4400000| Untracked 
|  21|0x00000000c4500000, 0x00000000c4600000, 0x00000000c4600000|100%| O|  |TAMS 0x00000000c4600000, 0x00000000c4500000| Untracked 
|  22|0x00000000c4600000, 0x00000000c4700000, 0x00000000c4700000|100%| O|  |TAMS 0x00000000c4700000, 0x00000000c4600000| Complete 
|  23|0x00000000c4700000, 0x00000000c4800000, 0x00000000c4800000|100%| O|  |TAMS 0x00000000c4800000, 0x00000000c4700000| Untracked 
|  24|0x00000000c4800000, 0x00000000c4900000, 0x00000000c4900000|100%| O|  |TAMS 0x00000000c4900000, 0x00000000c4800000| Complete 
|  25|0x00000000c4900000, 0x00000000c4a00000, 0x00000000c4a00000|100%| O|  |TAMS 0x00000000c4a00000, 0x00000000c4900000| Untracked 
|  26|0x00000000c4a00000, 0x00000000c4b00000, 0x00000000c4b00000|100%| O|  |TAMS 0x00000000c4b00000, 0x00000000c4a00000| Untracked 
|  27|0x00000000c4b00000, 0x00000000c4b41600, 0x00000000c4c00000| 25%| O|  |TAMS 0x00000000c4b41600, 0x00000000c4b00000| Complete 
|  28|0x00000000c4c00000, 0x00000000c4c00000, 0x00000000c4d00000|  0%| F|  |TAMS 0x00000000c4c00000, 0x00000000c4c00000| Untracked 
|  29|0x00000000c4d00000, 0x00000000c4d00000, 0x00000000c4e00000|  0%| F|  |TAMS 0x00000000c4d00000, 0x00000000c4d00000| Untracked 
|  30|0x00000000c4e00000, 0x00000000c4e00000, 0x00000000c4f00000|  0%| F|  |TAMS 0x00000000c4e00000, 0x00000000c4e00000| Untracked 
|  31|0x00000000c4f00000, 0x00000000c4f00000, 0x00000000c5000000|  0%| F|  |TAMS 0x00000000c4f00000, 0x00000000c4f00000| Untracked 
|  32|0x00000000c5000000, 0x00000000c5000000, 0x00000000c5100000|  0%| F|  |TAMS 0x00000000c5000000, 0x00000000c5000000| Untracked 
|  33|0x00000000c5100000, 0x00000000c5100000, 0x00000000c5200000|  0%| F|  |TAMS 0x00000000c5100000, 0x00000000c5100000| Untracked 
|  34|0x00000000c5200000, 0x00000000c5200000, 0x00000000c5300000|  0%| F|  |TAMS 0x00000000c5200000, 0x00000000c5200000| Untracked 
|  35|0x00000000c5300000, 0x00000000c5300000, 0x00000000c5400000|  0%| F|  |TAMS 0x00000000c5300000, 0x00000000c5300000| Untracked 
|  36|0x00000000c5400000, 0x00000000c5400000, 0x00000000c5500000|  0%| F|  |TAMS 0x00000000c5400000, 0x00000000c5400000| Untracked 
|  37|0x00000000c5500000, 0x00000000c557c2f8, 0x00000000c5600000| 48%| S|CS|TAMS 0x00000000c5500000, 0x00000000c5500000| Complete 
|  38|0x00000000c5600000, 0x00000000c5700000, 0x00000000c5700000|100%| S|CS|TAMS 0x00000000c5600000, 0x00000000c5600000| Complete 
|  39|0x00000000c5700000, 0x00000000c5700000, 0x00000000c5800000|  0%| F|  |TAMS 0x00000000c5700000, 0x00000000c5700000| Untracked 
|  40|0x00000000c5800000, 0x00000000c5800000, 0x00000000c5900000|  0%| F|  |TAMS 0x00000000c5800000, 0x00000000c5800000| Untracked 
|  41|0x00000000c5900000, 0x00000000c5900000, 0x00000000c5a00000|  0%| F|  |TAMS 0x00000000c5900000, 0x00000000c5900000| Untracked 
|  42|0x00000000c5a00000, 0x00000000c5a00000, 0x00000000c5b00000|  0%| F|  |TAMS 0x00000000c5a00000, 0x00000000c5a00000| Untracked 
|  43|0x00000000c5b00000, 0x00000000c5b00000, 0x00000000c5c00000|  0%| F|  |TAMS 0x00000000c5b00000, 0x00000000c5b00000| Untracked 
|  44|0x00000000c5c00000, 0x00000000c5c00000, 0x00000000c5d00000|  0%| F|  |TAMS 0x00000000c5c00000, 0x00000000c5c00000| Untracked 
|  45|0x00000000c5d00000, 0x00000000c5d00000, 0x00000000c5e00000|  0%| F|  |TAMS 0x00000000c5d00000, 0x00000000c5d00000| Untracked 
|  46|0x00000000c5e00000, 0x00000000c5e00000, 0x00000000c5f00000|  0%| F|  |TAMS 0x00000000c5e00000, 0x00000000c5e00000| Untracked 
|  47|0x00000000c5f00000, 0x00000000c5f00000, 0x00000000c6000000|  0%| F|  |TAMS 0x00000000c5f00000, 0x00000000c5f00000| Untracked 
|  48|0x00000000c6000000, 0x00000000c6000000, 0x00000000c6100000|  0%| F|  |TAMS 0x00000000c6000000, 0x00000000c6000000| Untracked 
|  49|0x00000000c6100000, 0x00000000c6100000, 0x00000000c6200000|  0%| F|  |TAMS 0x00000000c6100000, 0x00000000c6100000| Untracked 
|  50|0x00000000c6200000, 0x00000000c6200000, 0x00000000c6300000|  0%| F|  |TAMS 0x00000000c6200000, 0x00000000c6200000| Untracked 
|  51|0x00000000c6300000, 0x00000000c6300000, 0x00000000c6400000|  0%| F|  |TAMS 0x00000000c6300000, 0x00000000c6300000| Untracked 
|  52|0x00000000c6400000, 0x00000000c6400000, 0x00000000c6500000|  0%| F|  |TAMS 0x00000000c6400000, 0x00000000c6400000| Untracked 
|  53|0x00000000c6500000, 0x00000000c6500000, 0x00000000c6600000|  0%| F|  |TAMS 0x00000000c6500000, 0x00000000c6500000| Untracked 
|  54|0x00000000c6600000, 0x00000000c6600000, 0x00000000c6700000|  0%| F|  |TAMS 0x00000000c6600000, 0x00000000c6600000| Untracked 
|  55|0x00000000c6700000, 0x00000000c6700000, 0x00000000c6800000|  0%| F|  |TAMS 0x00000000c6700000, 0x00000000c6700000| Untracked 
|  56|0x00000000c6800000, 0x00000000c6800000, 0x00000000c6900000|  0%| F|  |TAMS 0x00000000c6800000, 0x00000000c6800000| Untracked 
|  57|0x00000000c6900000, 0x00000000c6900000, 0x00000000c6a00000|  0%| F|  |TAMS 0x00000000c6900000, 0x00000000c6900000| Untracked 
|  58|0x00000000c6a00000, 0x00000000c6a00000, 0x00000000c6b00000|  0%| F|  |TAMS 0x00000000c6a00000, 0x00000000c6a00000| Untracked 
|  59|0x00000000c6b00000, 0x00000000c6b00000, 0x00000000c6c00000|  0%| F|  |TAMS 0x00000000c6b00000, 0x00000000c6b00000| Untracked 
|  60|0x00000000c6c00000, 0x00000000c6c00000, 0x00000000c6d00000|  0%| F|  |TAMS 0x00000000c6c00000, 0x00000000c6c00000| Untracked 
|  61|0x00000000c6d00000, 0x00000000c6d00000, 0x00000000c6e00000|  0%| F|  |TAMS 0x00000000c6d00000, 0x00000000c6d00000| Untracked 
|  62|0x00000000c6e00000, 0x00000000c6e00000, 0x00000000c6f00000|  0%| F|  |TAMS 0x00000000c6e00000, 0x00000000c6e00000| Untracked 
|  63|0x00000000c6f00000, 0x00000000c6f00000, 0x00000000c7000000|  0%| F|  |TAMS 0x00000000c6f00000, 0x00000000c6f00000| Untracked 
|  64|0x00000000c7000000, 0x00000000c7000000, 0x00000000c7100000|  0%| F|  |TAMS 0x00000000c7000000, 0x00000000c7000000| Untracked 
|  65|0x00000000c7100000, 0x00000000c7100000, 0x00000000c7200000|  0%| F|  |TAMS 0x00000000c7100000, 0x00000000c7100000| Untracked 
|  66|0x00000000c7200000, 0x00000000c7200000, 0x00000000c7300000|  0%| F|  |TAMS 0x00000000c7200000, 0x00000000c7200000| Untracked 
|  67|0x00000000c7300000, 0x00000000c7300000, 0x00000000c7400000|  0%| F|  |TAMS 0x00000000c7300000, 0x00000000c7300000| Untracked 
|  68|0x00000000c7400000, 0x00000000c7400000, 0x00000000c7500000|  0%| F|  |TAMS 0x00000000c7400000, 0x00000000c7400000| Untracked 
|  69|0x00000000c7500000, 0x00000000c7500000, 0x00000000c7600000|  0%| F|  |TAMS 0x00000000c7500000, 0x00000000c7500000| Untracked 
|  70|0x00000000c7600000, 0x00000000c7600000, 0x00000000c7700000|  0%| F|  |TAMS 0x00000000c7600000, 0x00000000c7600000| Untracked 
|  71|0x00000000c7700000, 0x00000000c7700000, 0x00000000c7800000|  0%| F|  |TAMS 0x00000000c7700000, 0x00000000c7700000| Untracked 
|  72|0x00000000c7800000, 0x00000000c7800000, 0x00000000c7900000|  0%| F|  |TAMS 0x00000000c7800000, 0x00000000c7800000| Untracked 
|  73|0x00000000c7900000, 0x00000000c7900000, 0x00000000c7a00000|  0%| F|  |TAMS 0x00000000c7900000, 0x00000000c7900000| Untracked 
|  74|0x00000000c7a00000, 0x00000000c7a00000, 0x00000000c7b00000|  0%| F|  |TAMS 0x00000000c7a00000, 0x00000000c7a00000| Untracked 
|  75|0x00000000c7b00000, 0x00000000c7b00000, 0x00000000c7c00000|  0%| F|  |TAMS 0x00000000c7b00000, 0x00000000c7b00000| Untracked 
|  76|0x00000000c7c00000, 0x00000000c7c00000, 0x00000000c7d00000|  0%| F|  |TAMS 0x00000000c7c00000, 0x00000000c7c00000| Untracked 
|  77|0x00000000c7d00000, 0x00000000c7d00000, 0x00000000c7e00000|  0%| F|  |TAMS 0x00000000c7d00000, 0x00000000c7d00000| Untracked 
|  78|0x00000000c7e00000, 0x00000000c7e85698, 0x00000000c7f00000| 52%| E|  |TAMS 0x00000000c7e00000, 0x00000000c7e00000| Complete 
|  79|0x00000000c7f00000, 0x00000000c8000000, 0x00000000c8000000|100%| E|CS|TAMS 0x00000000c7f00000, 0x00000000c7f00000| Complete 
|  80|0x00000000c8000000, 0x00000000c8100000, 0x00000000c8100000|100%| E|CS|TAMS 0x00000000c8000000, 0x00000000c8000000| Complete 
|  81|0x00000000c8100000, 0x00000000c8200000, 0x00000000c8200000|100%| E|CS|TAMS 0x00000000c8100000, 0x00000000c8100000| Complete 
|  82|0x00000000c8200000, 0x00000000c8300000, 0x00000000c8300000|100%| E|CS|TAMS 0x00000000c8200000, 0x00000000c8200000| Complete 
|  83|0x00000000c8300000, 0x00000000c8400000, 0x00000000c8400000|100%| E|CS|TAMS 0x00000000c8300000, 0x00000000c8300000| Complete 
|  84|0x00000000c8400000, 0x00000000c8500000, 0x00000000c8500000|100%| E|CS|TAMS 0x00000000c8400000, 0x00000000c8400000| Complete 
|  85|0x00000000c8500000, 0x00000000c8600000, 0x00000000c8600000|100%| E|CS|TAMS 0x00000000c8500000, 0x00000000c8500000| Complete 
|  86|0x00000000c8600000, 0x00000000c8700000, 0x00000000c8700000|100%| E|CS|TAMS 0x00000000c8600000, 0x00000000c8600000| Complete 
|  87|0x00000000c8700000, 0x00000000c8800000, 0x00000000c8800000|100%| E|CS|TAMS 0x00000000c8700000, 0x00000000c8700000| Complete 
|  88|0x00000000c8800000, 0x00000000c8900000, 0x00000000c8900000|100%| E|CS|TAMS 0x00000000c8800000, 0x00000000c8800000| Complete 
|  89|0x00000000c8900000, 0x00000000c8a00000, 0x00000000c8a00000|100%| E|CS|TAMS 0x00000000c8900000, 0x00000000c8900000| Complete 
|  90|0x00000000c8a00000, 0x00000000c8b00000, 0x00000000c8b00000|100%| E|CS|TAMS 0x00000000c8a00000, 0x00000000c8a00000| Complete 
|  91|0x00000000c8b00000, 0x00000000c8c00000, 0x00000000c8c00000|100%| E|CS|TAMS 0x00000000c8b00000, 0x00000000c8b00000| Complete 
|  92|0x00000000c8c00000, 0x00000000c8d00000, 0x00000000c8d00000|100%| E|CS|TAMS 0x00000000c8c00000, 0x00000000c8c00000| Complete 
|  93|0x00000000c8d00000, 0x00000000c8e00000, 0x00000000c8e00000|100%| E|CS|TAMS 0x00000000c8d00000, 0x00000000c8d00000| Complete 
|  94|0x00000000c8e00000, 0x00000000c8f00000, 0x00000000c8f00000|100%| E|CS|TAMS 0x00000000c8e00000, 0x00000000c8e00000| Complete 
|  95|0x00000000c8f00000, 0x00000000c9000000, 0x00000000c9000000|100%| E|CS|TAMS 0x00000000c8f00000, 0x00000000c8f00000| Complete 
|  96|0x00000000c9000000, 0x00000000c9100000, 0x00000000c9100000|100%| E|CS|TAMS 0x00000000c9000000, 0x00000000c9000000| Complete 
|  97|0x00000000c9100000, 0x00000000c9200000, 0x00000000c9200000|100%| E|CS|TAMS 0x00000000c9100000, 0x00000000c9100000| Complete 
|  98|0x00000000c9200000, 0x00000000c9300000, 0x00000000c9300000|100%| E|CS|TAMS 0x00000000c9200000, 0x00000000c9200000| Complete 
| 134|0x00000000cb600000, 0x00000000cb700000, 0x00000000cb700000|100%| E|CS|TAMS 0x00000000cb600000, 0x00000000cb600000| Complete 

Card table byte_map: [0x000001f0a3e50000,0x000001f0a4040000] _byte_map_base: 0x000001f0a3838000

Marking Bits (Prev, Next): (CMBitMap*) 0x000001f08ca19170, (CMBitMap*) 0x000001f08ca191b0
 Prev Bits: [0x000001f0a4230000, 0x000001f0a5170000)
 Next Bits: [0x000001f0a5170000, 0x000001f0a60b0000)

Polling page: 0x000001f08a940000

Metaspace:

Usage:
  Non-class:     56.53 MB used.
      Class:      8.41 MB used.
       Both:     64.94 MB used.

Virtual space:
  Non-class space:       64.00 MB reserved,      56.88 MB ( 89%) committed,  1 nodes.
      Class space:        1.00 GB reserved,       8.75 MB ( <1%) committed,  1 nodes.
             Both:        1.06 GB reserved,      65.62 MB (  6%) committed. 

Chunk freelists:
   Non-Class:  2.89 MB
       Class:  3.40 MB
        Both:  6.29 MB

MaxMetaspaceSize: unlimited
CompressedClassSpaceSize: 1.00 GB
Initial GC threshold: 21.00 MB
Current GC threshold: 109.06 MB
CDS: on
MetaspaceReclaimPolicy: balanced
 - commit_granule_bytes: 65536.
 - commit_granule_words: 8192.
 - virtual_space_node_default_size: 8388608.
 - enlarge_chunks_in_place: 1.
 - new_chunks_are_fully_committed: 0.
 - uncommit_free_chunks: 1.
 - use_allocation_guard: 0.


Internal statistics:

num_allocs_failed_limit: 9.
num_arena_births: 838.
num_arena_deaths: 302.
num_vsnodes_births: 2.
num_vsnodes_deaths: 0.
num_space_committed: 1050.
num_space_uncommitted: 0.
num_chunks_returned_to_freelist: 322.
num_chunks_taken_from_freelist: 3118.
num_chunk_merges: 88.
num_chunk_splits: 2257.
num_chunks_enlarged: 1831.
num_inconsistent_stats: 0.

CodeHeap 'non-profiled nmethods': size=120000Kb used=3639Kb max_used=3639Kb free=116360Kb
 bounds [0x000001f09c400000, 0x000001f09c790000, 0x000001f0a3930000]
CodeHeap 'profiled nmethods': size=120000Kb used=11804Kb max_used=11804Kb free=108195Kb
 bounds [0x000001f094930000, 0x000001f0954c0000, 0x000001f09be60000]
CodeHeap 'non-nmethods': size=5760Kb used=1438Kb max_used=1521Kb free=4321Kb
 bounds [0x000001f09be60000, 0x000001f09c0d0000, 0x000001f09c400000]
 total_blobs=6839 nmethods=6148 adapters=601
 compilation: enabled
              stopped_count=0, restarted_count=0
 full_count=0

Compilation events (20 events):
Event: 8902.105 Thread 0x000001f0a8a9d4d0 nmethod 7009 0x000001f0954b3a10 code [0x000001f0954b3c80, 0x000001f0954b4918]
Event: 8902.105 Thread 0x000001f0a8a9d4d0 7010       3       com.mysql.cj.protocol.a.NativeProtocol::read (86 bytes)
Event: 8902.107 Thread 0x000001f0a8a9d4d0 nmethod 7010 0x000001f0954b4d10 code [0x000001f0954b4fa0, 0x000001f0954b5c88]
Event: 8902.107 Thread 0x000001f0a8a9d4d0 7011       3       com.mysql.cj.protocol.a.TextResultsetReader::read (15 bytes)
Event: 8902.108 Thread 0x000001f0a8a9d4d0 nmethod 7011 0x000001f0954b6090 code [0x000001f0954b6240, 0x000001f0954b6488]
Event: 8946.485 Thread 0x000001f0a8a9d4d0 7012       3       java.util.concurrent.ConcurrentHashMap::<init> (5 bytes)
Event: 8946.531 Thread 0x000001f0a8a9d4d0 nmethod 7012 0x000001f0954b6590 code [0x000001f0954b6740, 0x000001f0954b68f8]
Event: 8946.549 Thread 0x000001f0a8a9bb50 7013 %     4       com.sun.crypto.provider.AESCrypt::makeSessionKey @ 559 (899 bytes)
Event: 8946.871 Thread 0x000001f0a8a9bb50 nmethod 7013% 0x000001f09c78ac10 code [0x000001f09c78ae20, 0x000001f09c78ccf8]
Event: 8957.112 Thread 0x000001f0a8a9d4d0 7014       3       sun.security.ssl.SupportedGroupsExtension$SupportedGroups::isActivatable (90 bytes)
Event: 8957.117 Thread 0x000001f0a8a9d4d0 nmethod 7014 0x000001f0954b6a10 code [0x000001f0954b6be0, 0x000001f0954b6fe8]
Event: 8957.117 Thread 0x000001f0a8a9d4d0 7015       3       java.util.Arrays::fill (28 bytes)
Event: 8957.118 Thread 0x000001f0a8a9d4d0 nmethod 7015 0x000001f0954b7110 code [0x000001f0954b72c0, 0x000001f0954b74e8]
Event: 8957.124 Thread 0x000001f0a8a9bb50 7016       4       java.lang.invoke.DirectMethodHandle::allocateInstance (16 bytes)
Event: 8957.126 Thread 0x000001f0a8a9d4d0 7017   !   3       javax.crypto.Cipher::tokenizeTransformation (212 bytes)
Event: 8957.131 Thread 0x000001f0a8a9bb50 nmethod 7016 0x000001f09c78db10 code [0x000001f09c78dca0, 0x000001f09c78de38]
Event: 8957.139 Thread 0x000001f0a8a9d4d0 nmethod 7017 0x000001f0954b7610 code [0x000001f0954b7ae0, 0x000001f0954b9cb8]
Event: 8957.140 Thread 0x000001f0a8a9d4d0 7018       3       java.io.BufferedOutputStream::implWrite (40 bytes)
Event: 8957.141 Thread 0x000001f0a8a9d4d0 nmethod 7018 0x000001f0954bab10 code [0x000001f0954bace0, 0x000001f0954bb038]
Event: 9191.323 Thread 0x000001f0a8a9bb50 7019       4       java.util.TreeMap::put (221 bytes)

GC Heap History (20 events):
Event: 3.990 GC heap before
{Heap before GC invocations=7 (full 0):
 garbage-first heap   total 48128K, used 25905K [0x00000000c3000000, 0x0000000100000000)
  region size 1024K, 11 young (11264K), 2 survivors (2048K)
 Metaspace       used 35520K, committed 35968K, reserved 1114112K
  class space    used 4435K, committed 4672K, reserved 1048576K
}
Event: 3.992 GC heap after
{Heap after GC invocations=8 (full 0):
 garbage-first heap   total 48128K, used 18335K [0x00000000c3000000, 0x0000000100000000)
  region size 1024K, 2 young (2048K), 2 survivors (2048K)
 Metaspace       used 35520K, committed 35968K, reserved 1114112K
  class space    used 4435K, committed 4672K, reserved 1048576K
}
Event: 4.575 GC heap before
{Heap before GC invocations=9 (full 0):
 garbage-first heap   total 48128K, used 35743K [0x00000000c3000000, 0x0000000100000000)
  region size 1024K, 19 young (19456K), 2 survivors (2048K)
 Metaspace       used 43734K, committed 44224K, reserved 1114112K
  class space    used 5465K, committed 5696K, reserved 1048576K
}
Event: 4.579 GC heap after
{Heap after GC invocations=10 (full 0):
 garbage-first heap   total 58368K, used 20263K [0x00000000c3000000, 0x0000000100000000)
  region size 1024K, 3 young (3072K), 3 survivors (3072K)
 Metaspace       used 43734K, committed 44224K, reserved 1114112K
  class space    used 5465K, committed 5696K, reserved 1048576K
}
Event: 4.595 GC heap before
{Heap before GC invocations=10 (full 0):
 garbage-first heap   total 58368K, used 21287K [0x00000000c3000000, 0x0000000100000000)
  region size 1024K, 4 young (4096K), 3 survivors (3072K)
 Metaspace       used 44082K, committed 44544K, reserved 1114112K
  class space    used 5484K, committed 5696K, reserved 1048576K
}
Event: 4.599 GC heap after
{Heap after GC invocations=11 (full 0):
 garbage-first heap   total 58368K, used 20247K [0x00000000c3000000, 0x0000000100000000)
  region size 1024K, 1 young (1024K), 1 survivors (1024K)
 Metaspace       used 44082K, committed 44544K, reserved 1114112K
  class space    used 5484K, committed 5696K, reserved 1048576K
}
Event: 5.082 GC heap before
{Heap before GC invocations=11 (full 0):
 garbage-first heap   total 58368K, used 40727K [0x00000000c3000000, 0x0000000100000000)
  region size 1024K, 22 young (22528K), 1 survivors (1024K)
 Metaspace       used 50714K, committed 51136K, reserved 1114112K
  class space    used 6541K, committed 6720K, reserved 1048576K
}
Event: 5.085 GC heap after
{Heap after GC invocations=12 (full 0):
 garbage-first heap   total 58368K, used 21274K [0x00000000c3000000, 0x0000000100000000)
  region size 1024K, 2 young (2048K), 2 survivors (2048K)
 Metaspace       used 50714K, committed 51136K, reserved 1114112K
  class space    used 6541K, committed 6720K, reserved 1048576K
}
Event: 5.538 GC heap before
{Heap before GC invocations=12 (full 0):
 garbage-first heap   total 58368K, used 42778K [0x00000000c3000000, 0x0000000100000000)
  region size 1024K, 23 young (23552K), 2 survivors (2048K)
 Metaspace       used 54939K, committed 55424K, reserved 1114112K
  class space    used 7097K, committed 7360K, reserved 1048576K
}
Event: 5.542 GC heap after
{Heap after GC invocations=13 (full 0):
 garbage-first heap   total 58368K, used 22958K [0x00000000c3000000, 0x0000000100000000)
  region size 1024K, 3 young (3072K), 3 survivors (3072K)
 Metaspace       used 54939K, committed 55424K, reserved 1114112K
  class space    used 7097K, committed 7360K, reserved 1048576K
}
Event: 6.035 GC heap before
{Heap before GC invocations=13 (full 0):
 garbage-first heap   total 58368K, used 44462K [0x00000000c3000000, 0x0000000100000000)
  region size 1024K, 24 young (24576K), 3 survivors (3072K)
 Metaspace       used 57915K, committed 58432K, reserved 1114112K
  class space    used 7488K, committed 7744K, reserved 1048576K
}
Event: 6.041 GC heap after
{Heap after GC invocations=14 (full 0):
 garbage-first heap   total 58368K, used 25390K [0x00000000c3000000, 0x0000000100000000)
  region size 1024K, 3 young (3072K), 3 survivors (3072K)
 Metaspace       used 57915K, committed 58432K, reserved 1114112K
  class space    used 7488K, committed 7744K, reserved 1048576K
}
Event: 477.066 GC heap before
{Heap before GC invocations=14 (full 0):
 garbage-first heap   total 58368K, used 31534K [0x00000000c3000000, 0x0000000100000000)
  region size 1024K, 10 young (10240K), 3 survivors (3072K)
 Metaspace       used 59739K, committed 60288K, reserved 1114112K
  class space    used 7698K, committed 8000K, reserved 1048576K
}
Event: 477.104 GC heap after
{Heap after GC invocations=15 (full 0):
 garbage-first heap   total 58368K, used 25961K [0x00000000c3000000, 0x0000000100000000)
  region size 1024K, 1 young (1024K), 1 survivors (1024K)
 Metaspace       used 59739K, committed 60288K, reserved 1114112K
  class space    used 7698K, committed 8000K, reserved 1048576K
}
Event: 477.702 GC heap before
{Heap before GC invocations=16 (full 0):
 garbage-first heap   total 58368K, used 45417K [0x00000000c3000000, 0x0000000100000000)
  region size 1024K, 20 young (20480K), 1 survivors (1024K)
 Metaspace       used 63255K, committed 63808K, reserved 1114112K
  class space    used 8304K, committed 8576K, reserved 1048576K
}
Event: 477.707 GC heap after
{Heap after GC invocations=17 (full 0):
 garbage-first heap   total 58368K, used 27237K [0x00000000c3000000, 0x0000000100000000)
  region size 1024K, 3 young (3072K), 3 survivors (3072K)
 Metaspace       used 63255K, committed 63808K, reserved 1114112K
  class space    used 8304K, committed 8576K, reserved 1048576K
}
Event: 477.716 GC heap before
{Heap before GC invocations=17 (full 0):
 garbage-first heap   total 58368K, used 27237K [0x00000000c3000000, 0x0000000100000000)
  region size 1024K, 4 young (4096K), 3 survivors (3072K)
 Metaspace       used 63313K, committed 63936K, reserved 1114112K
  class space    used 8320K, committed 8640K, reserved 1048576K
}
Event: 477.726 GC heap after
{Heap after GC invocations=18 (full 0):
 garbage-first heap   total 58368K, used 27456K [0x00000000c3000000, 0x0000000100000000)
  region size 1024K, 1 young (1024K), 1 survivors (1024K)
 Metaspace       used 63313K, committed 63936K, reserved 1114112K
  class space    used 8320K, committed 8640K, reserved 1048576K
}
Event: 3559.910 GC heap before
{Heap before GC invocations=18 (full 0):
 garbage-first heap   total 58368K, used 43840K [0x00000000c3000000, 0x0000000100000000)
  region size 1024K, 18 young (18432K), 1 survivors (1024K)
 Metaspace       used 66390K, committed 67008K, reserved 1114112K
  class space    used 8678K, committed 8960K, reserved 1048576K
}
Event: 3559.950 GC heap after
{Heap after GC invocations=19 (full 0):
 garbage-first heap   total 138240K, used 28406K [0x00000000c3000000, 0x0000000100000000)
  region size 1024K, 2 young (2048K), 2 survivors (2048K)
 Metaspace       used 66390K, committed 67008K, reserved 1114112K
  class space    used 8678K, committed 8960K, reserved 1048576K
}

Dll operation events (14 events):
Event: 0.011 Loaded shared library C:\Program Files\Java\jdk-19\bin\java.dll
Event: 0.019 Loaded shared library C:\Program Files\Java\jdk-19\bin\jsvml.dll
Event: 0.116 Loaded shared library C:\Program Files\Java\jdk-19\bin\zip.dll
Event: 0.120 Loaded shared library C:\Program Files\Java\jdk-19\bin\instrument.dll
Event: 0.125 Loaded shared library C:\Program Files\Java\jdk-19\bin\net.dll
Event: 0.127 Loaded shared library C:\Program Files\Java\jdk-19\bin\nio.dll
Event: 0.131 Loaded shared library C:\Program Files\Java\jdk-19\bin\zip.dll
Event: 0.256 Loaded shared library C:\Program Files\JetBrains\IntelliJ IDEA Community Edition 2022.2.3\bin\breakgen64.dll
Event: 0.264 Loaded shared library C:\Program Files\Java\jdk-19\bin\extnet.dll
Event: 0.302 Loaded shared library C:\Program Files\Java\jdk-19\bin\jimage.dll
Event: 1.160 Loaded shared library C:\Program Files\Java\jdk-19\bin\verify.dll
Event: 3.224 Loaded shared library C:\Program Files\Java\jdk-19\bin\sunmscapi.dll
Event: 3.243 Loaded shared library C:\Program Files\Java\jdk-19\bin\management.dll
Event: 3.244 Loaded shared library C:\Program Files\Java\jdk-19\bin\management_ext.dll

Deoptimization events (20 events):
Event: 8847.416 Thread 0x000001f0af832920 Uncommon trap: trap_request=0xffffffbe fr.pc=0x000001f09c7811a0 relative=0x0000000000000b40
Event: 8847.416 Thread 0x000001f0af832920 Uncommon trap: reason=profile_predicate action=maybe_recompile pc=0x000001f09c7811a0 method=java.math.BigInteger.montReduce([I[III)[I @ 56 c2
Event: 8847.416 Thread 0x000001f0af832920 DEOPT PACKING pc=0x000001f09c7811a0 sp=0x0000003cbeffdc70
Event: 8847.416 Thread 0x000001f0af832920 DEOPT UNPACKING pc=0x000001f09bec6da3 sp=0x0000003cbeffdc38 mode 2
Event: 8847.416 Thread 0x000001f0af832920 Uncommon trap: trap_request=0xffffffbe fr.pc=0x000001f09c7811a0 relative=0x0000000000000b40
Event: 8847.416 Thread 0x000001f0af832920 Uncommon trap: reason=profile_predicate action=maybe_recompile pc=0x000001f09c7811a0 method=java.math.BigInteger.montReduce([I[III)[I @ 56 c2
Event: 8847.416 Thread 0x000001f0af832920 DEOPT PACKING pc=0x000001f09c7811a0 sp=0x0000003cbeffdc70
Event: 8847.416 Thread 0x000001f0af832920 DEOPT UNPACKING pc=0x000001f09bec6da3 sp=0x0000003cbeffdc38 mode 2
Event: 8847.416 Thread 0x000001f0af832920 Uncommon trap: trap_request=0xffffffbe fr.pc=0x000001f09c7811a0 relative=0x0000000000000b40
Event: 8847.416 Thread 0x000001f0af832920 Uncommon trap: reason=profile_predicate action=maybe_recompile pc=0x000001f09c7811a0 method=java.math.BigInteger.montReduce([I[III)[I @ 56 c2
Event: 8847.416 Thread 0x000001f0af832920 DEOPT PACKING pc=0x000001f09c7811a0 sp=0x0000003cbeffdc70
Event: 8847.416 Thread 0x000001f0af832920 DEOPT UNPACKING pc=0x000001f09bec6da3 sp=0x0000003cbeffdc38 mode 2
Event: 8847.416 Thread 0x000001f0af832920 Uncommon trap: trap_request=0xffffffbe fr.pc=0x000001f09c75944c relative=0x0000000000000b0c
Event: 8847.416 Thread 0x000001f0af832920 Uncommon trap: reason=profile_predicate action=maybe_recompile pc=0x000001f09c75944c method=java.math.BigInteger.montReduce([I[III)[I @ 9 c2
Event: 8847.416 Thread 0x000001f0af832920 DEOPT PACKING pc=0x000001f09c75944c sp=0x0000003cbeffdc70
Event: 8847.416 Thread 0x000001f0af832920 DEOPT UNPACKING pc=0x000001f09bec6da3 sp=0x0000003cbeffdc40 mode 2
Event: 9185.093 Thread 0x000001f0af07ded0 Uncommon trap: trap_request=0xffffff45 fr.pc=0x000001f09c6e6b60 relative=0x0000000000000cc0
Event: 9185.097 Thread 0x000001f0af07ded0 Uncommon trap: reason=unstable_if action=reinterpret pc=0x000001f09c6e6b60 method=java.util.concurrent.locks.AbstractQueuedSynchronizer$ConditionObject.unlinkCancelledWaiters(Ljava/util/concurrent/locks/AbstractQueuedSynchronizer$ConditionNode;)V @ 51 c2
Event: 9185.100 Thread 0x000001f0af07ded0 DEOPT PACKING pc=0x000001f09c6e6b60 sp=0x0000003cc0eff2f0
Event: 9185.103 Thread 0x000001f0af07ded0 DEOPT UNPACKING pc=0x000001f09bec6da3 sp=0x0000003cc0eff208 mode 2

Classes loaded (20 events):
Event: 477.980 Loading class java/util/stream/DoubleStream
Event: 477.981 Loading class java/util/stream/DoubleStream done
Event: 478.000 Loading class org/w3c/dom/Node
Event: 478.000 Loading class org/w3c/dom/Node done
Event: 478.000 Loading class org/w3c/dom/Document
Event: 478.001 Loading class org/w3c/dom/Document done
Event: 571.642 Loading class java/lang/foreign/MemorySegment
Event: 571.680 Loading class java/lang/foreign/Addressable
Event: 571.681 Loading class java/lang/foreign/Addressable done
Event: 571.681 Loading class java/lang/foreign/MemorySegment done
Event: 1761.445 Loading class sun/security/ssl/Alert
Event: 1761.481 Loading class sun/security/ssl/Alert done
Event: 1761.502 Loading class sun/security/ssl/Alert$AlertConsumer
Event: 1761.513 Loading class sun/security/ssl/Alert$AlertConsumer done
Event: 1761.513 Loading class sun/security/ssl/Alert$Level
Event: 1761.515 Loading class sun/security/ssl/Alert$Level done
Event: 1761.521 Loading class sun/net/ConnectionResetException
Event: 1761.523 Loading class sun/net/ConnectionResetException done
Event: 8686.899 Loading class java/util/ArrayList$SubList$2
Event: 8686.904 Loading class java/util/ArrayList$SubList$2 done

Classes unloaded (20 events):
Event: 3560.035 Thread 0x000001f0a8a6a9d0 Unloading class 0x0000000801104400 'java/lang/invoke/LambdaForm$MH+0x0000000801104400'
Event: 3560.035 Thread 0x000001f0a8a6a9d0 Unloading class 0x0000000801104000 'java/lang/invoke/LambdaForm$MH+0x0000000801104000'
Event: 3560.035 Thread 0x000001f0a8a6a9d0 Unloading class 0x00000008010b9000 'java/lang/invoke/LambdaForm$MH+0x00000008010b9000'
Event: 3560.035 Thread 0x000001f0a8a6a9d0 Unloading class 0x00000008010b8c00 'java/lang/invoke/LambdaForm$MH+0x00000008010b8c00'
Event: 3560.035 Thread 0x000001f0a8a6a9d0 Unloading class 0x0000000801080800 'java/lang/invoke/LambdaForm$MH+0x0000000801080800'
Event: 3560.035 Thread 0x000001f0a8a6a9d0 Unloading class 0x0000000801022800 'java/lang/invoke/LambdaForm$MH+0x0000000801022800'
Event: 3560.035 Thread 0x000001f0a8a6a9d0 Unloading class 0x0000000801021c00 'java/lang/invoke/LambdaForm$MH+0x0000000801021c00'
Event: 3560.035 Thread 0x000001f0a8a6a9d0 Unloading class 0x0000000801021800 'java/lang/invoke/LambdaForm$MH+0x0000000801021800'
Event: 3560.035 Thread 0x000001f0a8a6a9d0 Unloading class 0x0000000801021400 'java/lang/invoke/LambdaForm$MH+0x0000000801021400'
Event: 3560.035 Thread 0x000001f0a8a6a9d0 Unloading class 0x0000000801020c00 'java/lang/invoke/LambdaForm$MH+0x0000000801020c00'
Event: 3560.035 Thread 0x000001f0a8a6a9d0 Unloading class 0x0000000801020000 'java/lang/invoke/LambdaForm$MH+0x0000000801020000'
Event: 3560.035 Thread 0x000001f0a8a6a9d0 Unloading class 0x0000000801015c00 'java/lang/invoke/LambdaForm$MH+0x0000000801015c00'
Event: 3560.035 Thread 0x000001f0a8a6a9d0 Unloading class 0x0000000801015400 'java/lang/invoke/LambdaForm$MH+0x0000000801015400'
Event: 3560.035 Thread 0x000001f0a8a6a9d0 Unloading class 0x0000000801014c00 'java/lang/invoke/LambdaForm$MH+0x0000000801014c00'
Event: 3560.036 Thread 0x000001f0a8a6a9d0 Unloading class 0x0000000801014400 'java/lang/invoke/LambdaForm$MH+0x0000000801014400'
Event: 3560.036 Thread 0x000001f0a8a6a9d0 Unloading class 0x0000000801014000 'java/lang/invoke/LambdaForm$MH+0x0000000801014000'
Event: 3560.036 Thread 0x000001f0a8a6a9d0 Unloading class 0x0000000801002400 'java/lang/invoke/LambdaForm$MH+0x0000000801002400'
Event: 3560.036 Thread 0x000001f0a8a6a9d0 Unloading class 0x0000000801002000 'java/lang/invoke/LambdaForm$MH+0x0000000801002000'
Event: 3560.036 Thread 0x000001f0a8a6a9d0 Unloading class 0x0000000801001c00 'java/lang/invoke/LambdaForm$MH+0x0000000801001c00'
Event: 3560.036 Thread 0x000001f0a8a6a9d0 Unloading class 0x0000000801001400 'java/lang/invoke/LambdaForm$MH+0x0000000801001400'

Classes redefined (0 events):
No events

Internal exceptions (20 events):
Event: 477.386 Thread 0x000001f0af9b2dc0 Exception <a 'java/lang/NoSuchMethodError'{0x00000000c660a908}: 'java.lang.Object java.lang.invoke.DirectMethodHandle$Holder.invokeInterface(java.lang.Object, java.lang.Object, java.lang.Object, java.lang.Object)'> (0x00000000c660a908) 
thrown [s\open\src\hotspot\share\interpreter\linkResolver.cpp, line 774]
Event: 477.629 Thread 0x000001f0af9b2dc0 Exception <a 'java/lang/NoSuchMethodError'{0x00000000c564d8c8}: 'int java.lang.invoke.DirectMethodHandle$Holder.invokeStatic(java.lang.Object)'> (0x00000000c564d8c8) 
thrown [s\open\src\hotspot\share\interpreter\linkResolver.cpp, line 774]
Event: 477.781 Thread 0x000001f0af9b2dc0 Exception <a 'java/lang/IncompatibleClassChangeError'{0x00000000c650d8a0}: Found class java.lang.Object, but interface was expected> (0x00000000c650d8a0) 
thrown [s\open\src\hotspot\share\interpreter\linkResolver.cpp, line 841]
Event: 477.933 Thread 0x000001f0af9b2dc0 Exception <a 'java/lang/NoSuchMethodError'{0x00000000c6343aa0}: 'void java.lang.invoke.Invokers$Holder.invokeExact_MT(java.lang.Object, java.lang.Object, int, java.lang.Object)'> (0x00000000c6343aa0) 
thrown [s\open\src\hotspot\share\interpreter\linkResolver.cpp, line 774]
Event: 1761.518 Thread 0x000001f0af9b8d60 Exception <a 'java/io/IOException'{0x00000000c5ebaa58}> (0x00000000c5ebaa58) 
thrown [s\open\src\hotspot\share\prims\jni.cpp, line 517]
Event: 1761.520 Thread 0x000001f0af9b8d60 Exception <a 'java/io/IOException'{0x00000000c5ebb5b0}> (0x00000000c5ebb5b0) 
thrown [s\open\src\hotspot\share\prims\jni.cpp, line 517]
Event: 3560.734 Thread 0x000001f0af9b9d50 Implicit null exception at 0x000001f09c547c6b to 0x000001f09c547d4c
Event: 3560.742 Thread 0x000001f0af9b9d50 Implicit null exception at 0x000001f09c6fc0af to 0x000001f09c6fcefc
Event: 3560.743 Thread 0x000001f0af9b9d50 Implicit null exception at 0x000001f09c4cfcf5 to 0x000001f09c4d0288
Event: 5383.101 Thread 0x000001f0ae1ef000 Implicit null exception at 0x000001f09c72f9ab to 0x000001f09c72fc58
Event: 5384.094 Thread 0x000001f0af07ded0 Implicit null exception at 0x000001f09c72f9ab to 0x000001f09c72fc58
Event: 5385.101 Thread 0x000001f0af07ded0 Implicit null exception at 0x000001f09c72f9ab to 0x000001f09c72fc58
Event: 5386.089 Thread 0x000001f0af07ded0 Implicit null exception at 0x000001f09c72f9ab to 0x000001f09c72fc58
Event: 6484.093 Thread 0x000001f0af9b5d90 Implicit null exception at 0x000001f09c6bbb00 to 0x000001f09c6bd740
Event: 6484.357 Thread 0x000001f0af9b5d90 Implicit null exception at 0x000001f09c576816 to 0x000001f09c576b44
Event: 6484.378 Thread 0x000001f0af9b5d90 Implicit null exception at 0x000001f09c5ba280 to 0x000001f09c5babf4
Event: 6484.389 Thread 0x000001f0af9b5d90 Implicit null exception at 0x000001f09c5d2d36 to 0x000001f09c5d3164
Event: 8686.826 Thread 0x000001f0af9b9800 Implicit null exception at 0x000001f09c46a1e0 to 0x000001f09c46a8a8
Event: 8686.894 Thread 0x000001f0af9b9800 Exception <a 'java/lang/NoSuchMethodError'{0x00000000c838d8b0}: 'java.lang.Object java.lang.invoke.DirectMethodHandle$Holder.invokeStatic(java.lang.Object, int, int)'> (0x00000000c838d8b0) 
thrown [s\open\src\hotspot\share\interpreter\linkResolver.cpp, line 774]
Event: 8870.521 Thread 0x000001f0af834900 Exception <a 'java/net/SocketException'{0x00000000c82a4568}: Connection reset by peer: shutdown> (0x00000000c82a4568) 
thrown [s\open\src\hotspot\share\prims\jni.cpp, line 536]

VM Operations (20 events):
Event: 8610.095 Executing VM operation: Cleanup
Event: 8610.096 Executing VM operation: Cleanup done
Event: 8671.551 Executing VM operation: Cleanup
Event: 8671.551 Executing VM operation: Cleanup done
Event: 8677.608 Executing VM operation: Cleanup
Event: 8677.608 Executing VM operation: Cleanup done
Event: 8678.613 Executing VM operation: Cleanup
Event: 8678.613 Executing VM operation: Cleanup done
Event: 8843.904 Executing VM operation: Cleanup
Event: 8843.906 Executing VM operation: Cleanup done
Event: 8847.951 Executing VM operation: Cleanup
Event: 8847.951 Executing VM operation: Cleanup done
Event: 8871.179 Executing VM operation: Cleanup
Event: 8871.181 Executing VM operation: Cleanup done
Event: 8876.206 Executing VM operation: Cleanup
Event: 8876.206 Executing VM operation: Cleanup done
Event: 8889.305 Executing VM operation: Cleanup
Event: 8889.306 Executing VM operation: Cleanup done
Event: 8902.411 Executing VM operation: Cleanup
Event: 8902.411 Executing VM operation: Cleanup done

Events (20 events):
Event: 8870.482 Thread 0x000001f0af834900 Thread added: 0x000001f0af834900
Event: 8870.484 Thread 0x000001f0af830e90 Thread added: 0x000001f0af830e90
Event: 8884.366 Thread 0x000001f0af834900 Thread exited: 0x000001f0af834900
Event: 8884.395 Thread 0x000001f0af830e90 Thread exited: 0x000001f0af830e90
Event: 8888.828 Thread 0x000001f0af8368e0 Thread added: 0x000001f0af8368e0
Event: 8888.828 Thread 0x000001f0af831930 Thread added: 0x000001f0af831930
Event: 8893.854 Thread 0x000001f0af8368e0 Thread exited: 0x000001f0af8368e0
Event: 8893.886 Thread 0x000001f0af831930 Thread exited: 0x000001f0af831930
Event: 8902.083 Thread 0x000001f0af8353a0 Thread added: 0x000001f0af8353a0
Event: 8902.083 Thread 0x000001f0af834900 Thread added: 0x000001f0af834900
Event: 8907.100 Thread 0x000001f0af8353a0 Thread exited: 0x000001f0af8353a0
Event: 8907.115 Thread 0x000001f0af834900 Thread exited: 0x000001f0af834900
Event: 8946.002 Thread 0x000001f0af834e50 Thread added: 0x000001f0af834e50
Event: 8946.004 Thread 0x000001f0af8353a0 Thread added: 0x000001f0af8353a0
Event: 8951.145 Thread 0x000001f0af834e50 Thread exited: 0x000001f0af834e50
Event: 8951.669 Thread 0x000001f0af8353a0 Thread exited: 0x000001f0af8353a0
Event: 8957.106 Thread 0x000001f0af832e70 Thread added: 0x000001f0af832e70
Event: 8957.106 Thread 0x000001f0af8313e0 Thread added: 0x000001f0af8313e0
Event: 8962.113 Thread 0x000001f0af832e70 Thread exited: 0x000001f0af832e70
Event: 8962.158 Thread 0x000001f0af8313e0 Thread exited: 0x000001f0af8313e0


Dynamic libraries:
0x00007ff6559e0000 - 0x00007ff6559f0000 	C:\Program Files\Java\jdk-19\bin\java.exe
0x00007ffb53ff0000 - 0x00007ffb541e8000 	C:\Windows\SYSTEM32\ntdll.dll
0x00007ffb530c0000 - 0x00007ffb5317f000 	C:\Windows\System32\KERNEL32.DLL
0x00007ffb519b0000 - 0x00007ffb51c82000 	C:\Windows\System32\KERNELBASE.dll
0x00007ffb516e0000 - 0x00007ffb517e0000 	C:\Windows\System32\ucrtbase.dll
0x00007ffb4bdd0000 - 0x00007ffb4bdeb000 	C:\Program Files\Java\jdk-19\bin\VCRUNTIME140.dll
0x00007ffb4bdb0000 - 0x00007ffb4bdc8000 	C:\Program Files\Java\jdk-19\bin\jli.dll
0x00007ffb53a50000 - 0x00007ffb53afe000 	C:\Windows\System32\ADVAPI32.dll
0x00007ffb53180000 - 0x00007ffb5321e000 	C:\Windows\System32\msvcrt.dll
0x00007ffb52590000 - 0x00007ffb5262c000 	C:\Windows\System32\sechost.dll
0x00007ffb53c20000 - 0x00007ffb53d45000 	C:\Windows\System32\RPCRT4.dll
0x00007ffb522d0000 - 0x00007ffb52471000 	C:\Windows\System32\USER32.dll
0x00007ffb51d40000 - 0x00007ffb51d62000 	C:\Windows\System32\win32u.dll
0x00007ffb53b00000 - 0x00007ffb53b2b000 	C:\Windows\System32\GDI32.dll
0x00007ffb2cff0000 - 0x00007ffb2d28a000 	C:\Windows\WinSxS\amd64_microsoft.windows.common-controls_6595b64144ccf1df_6.0.19041.1110_none_60b5254171f9507e\COMCTL32.dll
0x00007ffb51e50000 - 0x00007ffb51f5f000 	C:\Windows\System32\gdi32full.dll
0x00007ffb51f90000 - 0x00007ffb5202d000 	C:\Windows\System32\msvcp_win.dll
0x00007ffb4a550000 - 0x00007ffb4a55a000 	C:\Windows\SYSTEM32\VERSION.dll
0x00007ffb52480000 - 0x00007ffb524b2000 	C:\Windows\System32\IMM32.DLL
0x00007ffb4e930000 - 0x00007ffb4e93c000 	C:\Program Files\Java\jdk-19\bin\vcruntime140_1.dll
0x00007ffb4b670000 - 0x00007ffb4b6fe000 	C:\Program Files\Java\jdk-19\bin\msvcp140.dll
0x00007ffb0bf00000 - 0x00007ffb0cbc0000 	C:\Program Files\Java\jdk-19\bin\server\jvm.dll
0x00007ffb38a40000 - 0x00007ffb38a67000 	C:\Windows\SYSTEM32\WINMM.dll
0x00007ffb30370000 - 0x00007ffb30379000 	C:\Windows\SYSTEM32\WSOCK32.dll
0x00007ffb527e0000 - 0x00007ffb5284b000 	C:\Windows\System32\WS2_32.dll
0x00007ffb4ff30000 - 0x00007ffb4ff42000 	C:\Windows\SYSTEM32\kernel.appcore.dll
0x00007ffb4cf90000 - 0x00007ffb4cf9a000 	C:\Program Files\Java\jdk-19\bin\jimage.dll
0x00007ffb4fc50000 - 0x00007ffb4fe34000 	C:\Windows\SYSTEM32\DBGHELP.DLL
0x00007ffb38370000 - 0x00007ffb383a5000 	C:\Windows\SYSTEM32\dbgcore.DLL
0x00007ffb51dc0000 - 0x00007ffb51e42000 	C:\Windows\System32\bcryptPrimitives.dll
0x00007ffb4b8e0000 - 0x00007ffb4b8ee000 	C:\Program Files\Java\jdk-19\bin\instrument.dll
0x00007ffb4bd80000 - 0x00007ffb4bda6000 	C:\Program Files\Java\jdk-19\bin\java.dll
0x00007ffb27160000 - 0x00007ffb27237000 	C:\Program Files\Java\jdk-19\bin\jsvml.dll
0x00007ffb52850000 - 0x00007ffb52f94000 	C:\Windows\System32\SHELL32.dll
0x00007ffb4f3e0000 - 0x00007ffb4fb72000 	C:\Windows\SYSTEM32\windows.storage.dll
0x00007ffb53220000 - 0x00007ffb53575000 	C:\Windows\System32\combase.dll
0x00007ffb510d0000 - 0x00007ffb51100000 	C:\Windows\SYSTEM32\Wldp.dll
0x00007ffb521c0000 - 0x00007ffb5226d000 	C:\Windows\System32\SHCORE.dll
0x00007ffb52780000 - 0x00007ffb527d5000 	C:\Windows\System32\shlwapi.dll
0x00007ffb51620000 - 0x00007ffb5163f000 	C:\Windows\SYSTEM32\profapi.dll
0x00007ffb4b650000 - 0x00007ffb4b668000 	C:\Program Files\Java\jdk-19\bin\zip.dll
0x00007ffb4bd60000 - 0x00007ffb4bd73000 	C:\Program Files\Java\jdk-19\bin\net.dll
0x00007ffb44980000 - 0x00007ffb44a8c000 	C:\Windows\SYSTEM32\WINHTTP.dll
0x00007ffb50e30000 - 0x00007ffb50e9a000 	C:\Windows\system32\mswsock.dll
0x00007ffb4b8a0000 - 0x00007ffb4b8b6000 	C:\Program Files\Java\jdk-19\bin\nio.dll
0x00007ffb4b5f0000 - 0x00007ffb4b60a000 	C:\Program Files\JetBrains\IntelliJ IDEA Community Edition 2022.2.3\bin\breakgen64.dll
0x00007ffb4b640000 - 0x00007ffb4b648000 	C:\Program Files\Java\jdk-19\bin\extnet.dll
0x00007ffb4b880000 - 0x00007ffb4b890000 	C:\Program Files\Java\jdk-19\bin\verify.dll
0x00007ffb51020000 - 0x00007ffb51038000 	C:\Windows\SYSTEM32\CRYPTSP.dll
0x00007ffb50750000 - 0x00007ffb50784000 	C:\Windows\system32\rsaenh.dll
0x00007ffb51f60000 - 0x00007ffb51f87000 	C:\Windows\System32\bcrypt.dll
0x00007ffb515a0000 - 0x00007ffb515ce000 	C:\Windows\SYSTEM32\USERENV.dll
0x00007ffb51040000 - 0x00007ffb5104c000 	C:\Windows\SYSTEM32\CRYPTBASE.dll
0x00007ffb50b20000 - 0x00007ffb50b5b000 	C:\Windows\SYSTEM32\IPHLPAPI.DLL
0x00007ffb53b30000 - 0x00007ffb53b38000 	C:\Windows\System32\NSI.dll
0x00007ffb489a0000 - 0x00007ffb489b7000 	C:\Windows\SYSTEM32\dhcpcsvc6.DLL
0x00007ffb48940000 - 0x00007ffb4895d000 	C:\Windows\SYSTEM32\dhcpcsvc.DLL
0x00007ffb50b60000 - 0x00007ffb50c2a000 	C:\Windows\SYSTEM32\DNSAPI.dll
0x00007ffb4b480000 - 0x00007ffb4b48e000 	C:\Program Files\Java\jdk-19\bin\sunmscapi.dll
0x00007ffb51850000 - 0x00007ffb519a6000 	C:\Windows\System32\CRYPT32.dll
0x00007ffb51140000 - 0x00007ffb51167000 	C:\Windows\SYSTEM32\ncrypt.dll
0x00007ffb51100000 - 0x00007ffb5113b000 	C:\Windows\SYSTEM32\NTASN1.dll
0x00007ffb4b5e0000 - 0x00007ffb4b5ea000 	C:\Program Files\Java\jdk-19\bin\management.dll
0x00007ffb4b5d0000 - 0x00007ffb4b5db000 	C:\Program Files\Java\jdk-19\bin\management_ext.dll
0x00007ffb52630000 - 0x00007ffb52638000 	C:\Windows\System32\PSAPI.DLL
0x0000000052990000 - 0x00000000529b6000 	C:\Program Files\Bonjour\mdnsNSP.dll
0x00007ffb40230000 - 0x00007ffb4023a000 	C:\Windows\System32\rasadhlp.dll
0x00007ffb3f440000 - 0x00007ffb3f4c0000 	C:\Windows\System32\fwpuclnt.dll
0x00007ffb26cb0000 - 0x00007ffb26cb7000 	C:\Windows\system32\wshunix.dll

dbghelp: loaded successfully - version: 4.0.5 - missing functions: none
symbol engine: initialized successfully - sym options: 0x614 - pdb path: .;C:\Program Files\Java\jdk-19\bin;C:\Windows\SYSTEM32;C:\Windows\WinSxS\amd64_microsoft.windows.common-controls_6595b64144ccf1df_6.0.19041.1110_none_60b5254171f9507e;C:\Program Files\Java\jdk-19\bin\server;C:\Program Files\JetBrains\IntelliJ IDEA Community Edition 2022.2.3\bin;C:\Program Files\Bonjour

VM Arguments:
jvm_args: -javaagent:C:\Program Files\JetBrains\IntelliJ IDEA Community Edition 2022.2.3\lib\idea_rt.jar=52458:C:\Program Files\JetBrains\IntelliJ IDEA Community Edition 2022.2.3\bin -Dfile.encoding=UTF-8 -Dsun.stdout.encoding=UTF-8 -Dsun.stderr.encoding=UTF-8 
java_command: com.testapp.demo.DemoApplication
java_class_path (initial): F:\demo\target\classes;C:\Users\Dilusha\.m2\repository\org\springframework\boot\spring-boot-starter-data-jpa\3.0.2\spring-boot-starter-data-jpa-3.0.2.jar;C:\Users\Dilusha\.m2\repository\org\springframework\boot\spring-boot-starter-aop\3.0.2\spring-boot-starter-aop-3.0.2.jar;C:\Users\Dilusha\.m2\repository\org\springframework\spring-aop\6.0.4\spring-aop-6.0.4.jar;C:\Users\Dilusha\.m2\repository\org\aspectj\aspectjweaver\1.9.19\aspectjweaver-1.9.19.jar;C:\Users\Dilusha\.m2\repository\org\springframework\boot\spring-boot-starter-jdbc\3.0.2\spring-boot-starter-jdbc-3.0.2.jar;C:\Users\Dilusha\.m2\repository\com\zaxxer\HikariCP\5.0.1\HikariCP-5.0.1.jar;C:\Users\Dilusha\.m2\repository\org\springframework\spring-jdbc\6.0.4\spring-jdbc-6.0.4.jar;C:\Users\Dilusha\.m2\repository\org\hibernate\orm\hibernate-core\6.1.6.Final\hibernate-core-6.1.6.Final.jar;C:\Users\Dilusha\.m2\repository\jakarta\persistence\jakarta.persistence-api\3.1.0\jakarta.persistence-api-3.1.0.jar;C:\Users\Dilusha\.m2\repository\jakarta\transaction\jakarta.transaction-api\2.0.1\jakarta.transaction-api-2.0.1.jar;C:\Users\Dilusha\.m2\repository\org\jboss\logging\jboss-logging\3.5.0.Final\jboss-logging-3.5.0.Final.jar;C:\Users\Dilusha\.m2\repository\org\hibernate\common\hibernate-commons-annotations\6.0.2.Final\hibernate-commons-annotations-6.0.2.Final.jar;C:\Users\Dilusha\.m2\repository\org\jboss\jandex\2.4.2.Final\jandex-2.4.2.Final.jar;C:\Users\Dilusha\.m2\repository\com\fasterxml\classmate\1.5.1\classmate-1.5.1.jar;C:\Users\Dilusha\.m2\repository\net\bytebuddy\byte-buddy\1.12.22\byte-buddy-1.12.22.jar;C:\Users\Dilusha\.m2\repository\org\glassfish\jaxb\jaxb-runtime\4.0.1\jaxb-runtime-4.0.1.jar;C:\Users\Dilusha\.m2\repository\org\glassfish\jaxb\jaxb-core\4.0.1\jaxb-core-4.0.1.jar;C:\Users\Dilusha\.m2\repository\org\eclipse\angus\angus-activation\1.0.0\angus-activation-1.0.0.jar;C:\Users\Dilusha\.m2\repository\org\glassfish\jaxb\txw2\4.0.1\txw2-4.0.1.jar;C:\Users\Dilusha\.m2\repository\com\sun\istack\istack-commons-runtime\4.1.1\istack-commons-runtime-4.1.1.jar;C:\Users\Dilusha\.m2\repository\jakarta\inject\jakarta.inject-api\2.0.0\jakarta.inject-api-2.0.0.jar;C:\Users\Dilusha\.m2\repository\org\antlr\antlr4-runtime\4.10.1\antlr4-runtime-4.10.1.jar;C:\Users\Dilusha\.m2\repository\org\springframework\data\spring-data-jpa\3.0.1\spring-data-jpa-3.0.1.jar;C:\Users\Dilusha\.m2\repository\org\springframework\data\spring-data-commons\3.0.1\spring-data-commons-3.0.1.jar;C:\Users\Dilusha\.m2\repository\org\springframework\spring-orm\6.0.4\spring-orm-6.0.4.jar;C:\Users\Dilusha\.m2\repository\org\springframework\spring-context\6.0.4\spring-context-6.0.4.jar;C:\Users\Dilusha\.m2\repository\org\springframework\spring-tx\6.0.4\spring-tx-6.0.4.jar;C:\Users\Dilusha\.m2\repository\org\springframework\spring-beans\6.0.4\spring-beans-6.0.4.jar;C:\Users\Dilusha\.m2\repository\jakarta\annotation\jakarta.annotation-api\2.1.1\jakarta.annotation-api-2.1.1.jar;C:\Users\Dilusha\.m2\repository\org\slf4j\slf4j-api\2.0.6\slf4j-api-2.0.6.jar;C:\Users\Dilusha\.m2\repository\org\springframework\spring-aspects\6.0.4\spring-aspects-6.0.4.jar;C:\Users\Dilusha\.m2\repository\org\springframework\boot\spring-boot-starter-web\3.0.2\spring-boot-starter-web-3.0.2.jar;C:\Users\Dilusha\.m2\repository\org\springframework\boot\spring-boot-starter\3.0.2\spring-boot-starter-3.0.2.jar;C:\Users\Dilusha\.m2\repository\org\springframework\boot\spring-boot\3.0.2\spring-boot-3.0.2.jar;C:\Users\Dilusha\.m2\repository\org\springframework\boot\spring-boot-autoconfigure\3.0.2\spring-boot-autoconfigure-3.0.2.jar;C:\Users\Dilusha\.m2\repository\org\springframework\boot\spring-boot-starter-logging\3.0.2\spring-boot-starter-logging-3.0.2.jar;C:\Users\Dilusha\.m2\repository\ch\qos\logback\logback-classic\1.4.5\logback-classic-1.4.5.jar;C:\Users\Dilusha\.m2\repository\ch\qos\logback\logback-core\1.4.5\logback-core-1.4.5.jar;C:\Users\Dilusha\.m2\repository\org\apache\logging\log4j\log4j-to-slf4j\2.19.0\log4j-to-slf4j-2.19.0.jar;C:\Users\Dilusha\.m2\repository\org\apache\logging\log4j\log4j-api\2.19.0\log4j-api-2.19.0.jar;C:\Users\Dilusha\.m2\repository\org\slf4j\jul-to-slf4j\2.0.6\jul-to-slf4j-2.0.6.jar;C:\Users\Dilusha\.m2\repository\org\yaml\snakeyaml\1.33\snakeyaml-1.33.jar;C:\Users\Dilusha\.m2\repository\org\springframework\boot\spring-boot-starter-json\3.0.2\spring-boot-starter-json-3.0.2.jar;C:\Users\Dilusha\.m2\repository\com\fasterxml\jackson\core\jackson-databind\2.14.1\jackson-databind-2.14.1.jar;C:\Users\Dilusha\.m2\repository\com\fasterxml\jackson\core\jackson-annotations\2.14.1\jackson-annotations-2.14.1.jar;C:\Users\Dilusha\.m2\repository\com\fasterxml\jackson\core\jackson-core\2.14.1\jackson-core-2.14.1.jar;C:\Users\Dilusha\.m2\repository\com\fasterxml\jackson\datatype\jackson-datatype-jdk8\2.14.1\jackson-datatype-jdk8-2.14.1.jar;C:\Users\Dilusha\.m2\repository\com\fasterxml\jackson\datatype\jackson-datatype-jsr310\2.14.1\jackson-datatype-jsr310-2.14.1.jar;C:\Users\Dilusha\.m2\repository\com\fasterxml\jackson\module\jackson-module-parameter-names\2.14.1\jackson-module-parameter-names-2.14.1.jar;C:\Users\Dilusha\.m2\repository\org\springframework\boot\spring-boot-starter-tomcat\3.0.2\spring-boot-starter-tomcat-3.0.2.jar;C:\Users\Dilusha\.m2\repository\org\apache\tomcat\embed\tomcat-embed-core\10.1.5\tomcat-embed-core-10.1.5.jar;C:\Users\Dilusha\.m2\repository\org\apache\tomcat\embed\tomcat-embed-el\10.1.5\tomcat-embed-el-10.1.5.jar;C:\Users\Dilusha\.m2\repository\org\apache\tomcat\embed\tomcat-embed-websocket\10.1.5\tomcat-embed-websocket-10.1.5.jar;C:\Users\Dilusha\.m2\repository\org\springframework\spring-web\6.0.4\spring-web-6.0.4.jar;C:\Users\Dilusha\.m2\repository\io\micrometer\micrometer-observation\1.10.3\micrometer-observation-1.10.3.jar;C:\Users\Dilusha\.m2\repository\io\micrometer\micrometer-commons\1.10.3\micrometer-commons-1.10.3.jar;C:\Users\Dilusha\.m2\repository\org\springframework\spring-webmvc\6.0.4\spring-webmvc-6.0.4.jar;C:\Users\Dilusha\.m2\repository\org\springframework\spring-expression\6.0.4\spring-expression-6.0.4.jar;C:\Users\Dilusha\.m2\repository\com\mysql\mysql-connector-j\8.0.32\mysql-connector-j-8.0.32.jar;C:\Users\Dilusha\.m2\repository\org\projectlombok\lombok\1.18.24\lombok-1.18.24.jar;C:\Users\Dilusha\.m2\repository\jakarta\xml\bind\jakarta.xml.bind-api\4.0.0\jakarta.xml.bind-api-4.0.0.jar;C:\Users\Dilusha\.m2\repository\jakarta\activation\jakarta.activation-api\2.1.1\jakarta.activation-api-2.1.1.jar;C:\Users\Dilusha\.m2\repository\org\springframework\spring-core\6.0.4\spring-core-6.0.4.jar;C:\Users\Dilusha\.m2\repository\org\springframework\spring-jcl\6.0.4\spring-jcl-6.0.4.jar;C:\Users\Dilusha\.m2\repository\org\modelmapper\modelmapper\3.1.1\modelmapper-3.1.1.jar
Launcher Type: SUN_STANDARD

[Global flags]
     intx CICompilerCount                          = 4                                         {product} {ergonomic}
     uint ConcGCThreads                            = 2                                         {product} {ergonomic}
     uint G1ConcRefinementThreads                  = 8                                         {product} {ergonomic}
   size_t G1HeapRegionSize                         = 1048576                                   {product} {ergonomic}
    uintx GCDrainStackTargetSize                   = 64                                        {product} {ergonomic}
   size_t InitialHeapSize                          = 65011712                                  {product} {ergonomic}
   size_t MarkStackSize                            = 4194304                                   {product} {ergonomic}
   size_t MaxHeapSize                              = 1023410176                                {product} {ergonomic}
   size_t MaxNewSize                               = 613416960                                 {product} {ergonomic}
   size_t MinHeapDeltaBytes                        = 1048576                                   {product} {ergonomic}
   size_t MinHeapSize                              = 8388608                                   {product} {ergonomic}
    uintx NonNMethodCodeHeapSize                   = 5839372                                {pd product} {ergonomic}
    uintx NonProfiledCodeHeapSize                  = 122909434                              {pd product} {ergonomic}
    uintx ProfiledCodeHeapSize                     = 122909434                              {pd product} {ergonomic}
    uintx ReservedCodeCacheSize                    = 251658240                              {pd product} {ergonomic}
     bool SegmentedCodeCache                       = true                                      {product} {ergonomic}
   size_t SoftMaxHeapSize                          = 1023410176                             {manageable} {ergonomic}
     bool UseCompressedClassPointers               = true                           {product lp64_product} {ergonomic}
     bool UseCompressedOops                        = true                           {product lp64_product} {ergonomic}
     bool UseG1GC                                  = true                                      {product} {ergonomic}
     bool UseLargePagesIndividualAllocation        = false                                  {pd product} {ergonomic}

Logging:
Log output configuration:
 #0: stdout all=warning uptime,level,tags foldmultilines=false
 #1: stderr all=off uptime,level,tags foldmultilines=false

Environment Variables:
JAVA_HOME=C:\Program Files\Java\jdk1.8.0_321
PATH=C:\Program Files\Common Files\Oracle\Java\javapath;C:\oraclexe\app\oracle\product\11.2.0\server\bin;;C:\Program Files (x86)\Common Files\Oracle\Java\javapath;C:\Windows\system32;C:\Windows;C:\Windows\System32\Wbem;C:\Windows\System32\WindowsPowerShell\v1.0\;C:\Windows\System32\OpenSSH\;C:\Program Files\dotnet\;C:\Program Files\Microsoft SQL Server\130\Tools\Binn\;C:\Program Files\Microsoft SQL Server\Client SDK\ODBC\170\Tools\Binn\;C:\Program Files (x86)\Microsoft SQL Server\150\Tools\Binn\;C:\Program Files\Microsoft SQL Server\150\Tools\Binn\;C:\Program Files\Microsoft SQL Server\150\DTS\Binn\;C:\Program Files (x86)\Microsoft SQL Server\150\DTS\Binn\;C:\Program Files\Java\jdk1.8.0_321\bin;C:\Users\Dilusha\AppData\Local\Programs\Python\Python39\Scripts\;C:\Users\Dilusha\AppData\Local\Programs\Python\Python39\;C:\Users\Dilusha\AppData\Local\Microsoft\WindowsApps;C:\Users\Dilusha\AppData\Local\Programs\Microsoft VS Code\bin;C:\Users\Dilusha\.dotnet\tools;C:\Program Files\Azure Data Studio\bin;C:\xampp\php;C:\Users\Dilusha\AppData\Local\ComposerSetup\bin;C:\Users\Dilusha\AppData\Roaming\Composer\vendor\bin;C:\Users\Dilusha\AppData\Local\GitHubDesktop\bin
USERNAME=Dilusha
OS=Windows_NT
PROCESSOR_IDENTIFIER=Intel64 Family 6 Model 142 Stepping 12, GenuineIntel
TMP=C:\Users\Dilusha\AppData\Local\Temp
TEMP=C:\Users\Dilusha\AppData\Local\Temp



---------------  S Y S T E M  ---------------

OS:
 Windows 10 , 64 bit Build 19041 (10.0.19041.2364)
OS uptime: 8 days 9:24 hours

CPU: total 8 (initial active 8) (4 cores per cpu, 2 threads per core) family 6 model 142 stepping 12 microcode 0xde, cx8, cmov, fxsr, ht, mmx, 3dnowpref, sse, sse2, sse3, ssse3, sse4.1, sse4.2, popcnt, lzcnt, tsc, tscinvbit, avx, avx2, aes, erms, clmul, bmi1, bmi2, adx, fma, vzeroupper, clflush, clflushopt, rdtscp

Memory: 4k page, system-wide physical 3899M (209M free)
TotalPageFile size 15675M (AvailPageFile size 3M)
current process WorkingSet (physical memory assigned to process): 16M, peak: 237M
current process commit charge ("private bytes"): 297M, peak: 330M

vm_info: Java HotSpot(TM) 64-Bit Server VM (19+36-2238) for windows-amd64 JRE (19+36-2238), built on 2022-08-12T20:29:01Z by "mach5one" with MS VC++ 17.1 (VS2022)

END.
